#
# There is insufficient memory for the Java Runtime Environment to continue.
# Native memory allocation (malloc) failed to allocate 365776 bytes for Chunk::new
# Possible reasons:
#   The system is out of physical RAM or swap space
#   The process is running with CompressedOops enabled, and the Java Heap may be blocking the growth of the native heap
# Possible solutions:
#   Reduce memory load on the system
#   Increase physical memory or swap space
#   Check if swap backing store is full
#   Decrease Java heap size (-Xmx/-Xms)
#   Decrease number of Java threads
#   Decrease Java thread stack sizes (-Xss)
#   Set larger code cache with -XX:ReservedCodeCacheSize=
#   JVM is running with Unscaled Compressed Oops mode in which the Java heap is
#     placed in the first 4GB address space. The Java Heap base address is the
#     maximum limit for the native heap growth. Please use -XX:HeapBaseMinAddress
#     to set the Java Heap base and to place the Java Heap above 4GB virtual address.
# This output file may be truncated or incomplete.
#
#  Out of Memory Error (./open/src/hotspot/share/memory/arena.cpp:197), pid=29832, tid=26892
#
# JRE version: Java(TM) SE Runtime Environment 18.9 (11.0.16.1+1) (build 11.0.16.1+1-LTS-1)
# Java VM: Java HotSpot(TM) 64-Bit Server VM 18.9 (11.0.16.1+1-LTS-1, mixed mode, tiered, compressed oops, g1 gc, windows-amd64)
# No core dump will be written. Minidumps are not enabled by default on client versions of Windows
#

---------------  S U M M A R Y ------------

Command Line: -Dclassworlds.conf=D:\apache-maven-3.8.6-bin\apache-maven-3.8.6\bin\m2.conf -Dmaven.home=D:\apache-maven-3.8.6-bin\apache-maven-3.8.6 -Dlibrary.jansi.path=D:\apache-maven-3.8.6-bin\apache-maven-3.8.6\lib\jansi-native -Dmaven.multiModuleProjectDirectory=C:\Users\Aloke\Documents\workspace-spring-tool-suite-4-4.16.1.RELEASE\casestudyseleniumframework org.codehaus.plexus.classworlds.launcher.Launcher test

Host: Intel(R) Core(TM) i3-1005G1 CPU @ 1.20GHz, 4 cores, 3G,  Windows 11 , 64 bit Build 22000 (10.0.22000.708)
Time: Thu Nov 10 01:43:22 2022 India Standard Time elapsed time: 21.751937 seconds (0d 0h 0m 21s)

---------------  T H R E A D  ---------------

Current thread (0x0000016bc5f94000):  JavaThread "C2 CompilerThread0" daemon [_thread_in_native, id=26892, stack(0x00000068a2500000,0x00000068a2600000)]


Current CompileTask:
C2:  21752 4499   !   4       org.apache.maven.surefire.stream.EventDecoder::decode (399 bytes)

Stack: [0x00000068a2500000,0x00000068a2600000]
Native frames: (J=compiled Java code, j=interpreted, Vv=VM code, C=native code)
V  [jvm.dll+0x62a3da]
V  [jvm.dll+0x76407f]
V  [jvm.dll+0x765729]
V  [jvm.dll+0x765db3]
V  [jvm.dll+0x23dc18]
V  [jvm.dll+0xb2a1c]
V  [jvm.dll+0xb2fdc]
V  [jvm.dll+0x2ae994]
V  [jvm.dll+0x53d98b]
V  [jvm.dll+0x1fa1d7]
V  [jvm.dll+0x1f774d]
V  [jvm.dll+0x177c81]
V  [jvm.dll+0x207186]
V  [jvm.dll+0x20531b]
V  [jvm.dll+0x729f60]
V  [jvm.dll+0x722b34]
V  [jvm.dll+0x629276]
C  [ucrtbase.dll+0x26c0c]
C  [KERNEL32.DLL+0x154e0]
C  [ntdll.dll+0x485b]


---------------  P R O C E S S  ---------------

Threads class SMR info:
_java_thread_list=0x0000016bc7cd8380, length=21, elements={
0x0000016baa94c800, 0x0000016bc5f27000, 0x0000016bc5f34800, 0x0000016bc5f8b800,
0x0000016bc5f8c800, 0x0000016bc5f92800, 0x0000016bc5f94000, 0x0000016bc5f9c000,
0x0000016bc5f9d000, 0x0000016bc6210800, 0x0000016bc8822800, 0x0000016bc7e1c800,
0x0000016bc77d1800, 0x0000016bc7d21800, 0x0000016bc69bb800, 0x0000016bc7d03000,
0x0000016bc9113800, 0x0000016bc6a0d800, 0x0000016bc77c0800, 0x0000016bc77c3800,
0x0000016bc77c3000
}

Java Threads: ( => current thread )
  0x0000016baa94c800 JavaThread "main" [_thread_in_native, id=24216, stack(0x00000068a1900000,0x00000068a1a00000)]
  0x0000016bc5f27000 JavaThread "Reference Handler" daemon [_thread_blocked, id=27816, stack(0x00000068a2000000,0x00000068a2100000)]
  0x0000016bc5f34800 JavaThread "Finalizer" daemon [_thread_blocked, id=9828, stack(0x00000068a2100000,0x00000068a2200000)]
  0x0000016bc5f8b800 JavaThread "Signal Dispatcher" daemon [_thread_blocked, id=27512, stack(0x00000068a2200000,0x00000068a2300000)]
  0x0000016bc5f8c800 JavaThread "Attach Listener" daemon [_thread_blocked, id=2824, stack(0x00000068a2300000,0x00000068a2400000)]
  0x0000016bc5f92800 JavaThread "Service Thread" daemon [_thread_blocked, id=27012, stack(0x00000068a2400000,0x00000068a2500000)]
=>0x0000016bc5f94000 JavaThread "C2 CompilerThread0" daemon [_thread_in_native, id=26892, stack(0x00000068a2500000,0x00000068a2600000)]
  0x0000016bc5f9c000 JavaThread "C1 CompilerThread0" daemon [_thread_blocked, id=13372, stack(0x00000068a2600000,0x00000068a2700000)]
  0x0000016bc5f9d000 JavaThread "Sweeper thread" daemon [_thread_blocked, id=29296, stack(0x00000068a2700000,0x00000068a2800000)]
  0x0000016bc6210800 JavaThread "Common-Cleaner" daemon [_thread_blocked, id=19540, stack(0x00000068a2900000,0x00000068a2a00000)]
  0x0000016bc8822800 JavaThread "resolver-1" daemon [_thread_blocked, id=28212, stack(0x00000068a2b00000,0x00000068a2c00000)]
  0x0000016bc7e1c800 JavaThread "resolver-2" daemon [_thread_blocked, id=23076, stack(0x00000068a2c00000,0x00000068a2d00000)]
  0x0000016bc77d1800 JavaThread "resolver-3" daemon [_thread_blocked, id=15296, stack(0x00000068a2d00000,0x00000068a2e00000)]
  0x0000016bc7d21800 JavaThread "resolver-4" daemon [_thread_blocked, id=20640, stack(0x00000068a2e00000,0x00000068a2f00000)]
  0x0000016bc69bb800 JavaThread "resolver-5" daemon [_thread_blocked, id=13172, stack(0x00000068a2f00000,0x00000068a3000000)]
  0x0000016bc7d03000 JavaThread "timeout-check-timer" daemon [_thread_blocked, id=26596, stack(0x00000068a3000000,0x00000068a3100000)]
  0x0000016bc9113800 JavaThread "ping-timer-10s" daemon [_thread_blocked, id=6608, stack(0x00000068a3100000,0x00000068a3200000)]
  0x0000016bc6a0d800 JavaThread "ThreadedStreamConsumer" daemon [_thread_in_native, id=26924, stack(0x00000068a3200000,0x00000068a3300000)]
  0x0000016bc77c0800 JavaThread "fork-1-err-thread" daemon [_thread_in_native, id=2300, stack(0x00000068a3300000,0x00000068a3400000)]
  0x0000016bc77c3800 JavaThread "commands-fork-1" daemon [_thread_blocked, id=25488, stack(0x00000068a3400000,0x00000068a3500000)]
  0x0000016bc77c3000 JavaThread "fork-1-event-thread" daemon [_thread_in_native, id=3004, stack(0x00000068a3500000,0x00000068a3600000)]

Other Threads:
  0x0000016bc5f01800 VMThread "VM Thread" [stack: 0x00000068a1f00000,0x00000068a2000000] [id=19000]
  0x0000016bc6204000 WatcherThread [stack: 0x00000068a2800000,0x00000068a2900000] [id=17504]
  0x0000016baa963000 GCTaskThread "GC Thread#0" [stack: 0x00000068a1a00000,0x00000068a1b00000] [id=12864]
  0x0000016bc6faa800 GCTaskThread "GC Thread#1" [stack: 0x00000068a2a00000,0x00000068a2b00000] [id=29968]
  0x0000016baa97c000 ConcurrentGCThread "G1 Main Marker" [stack: 0x00000068a1b00000,0x00000068a1c00000] [id=29964]
  0x0000016baa97e000 ConcurrentGCThread "G1 Conc#0" [stack: 0x00000068a1c00000,0x00000068a1d00000] [id=26188]
  0x0000016baa9c7000 ConcurrentGCThread "G1 Refine#0" [stack: 0x00000068a1d00000,0x00000068a1e00000] [id=30096]
  0x0000016baa9cb800 ConcurrentGCThread "G1 Young RemSet Sampling" [stack: 0x00000068a1e00000,0x00000068a1f00000] [id=23632]

Threads with active compile tasks:
C2 CompilerThread0    21829 4499   !   4       org.apache.maven.surefire.stream.EventDecoder::decode (399 bytes)

VM state:not at safepoint (normal execution)

VM Mutex/Monitor currently owned by a thread: None

Heap address: 0x00000000c4c00000, size: 948 MB, Compressed Oops mode: 32-bit
Narrow klass base: 0x0000000000000000, Narrow klass shift: 3
Compressed class space size: 1073741824 Address: 0x0000000100000000

Heap:
 garbage-first heap   total 73728K, used 31463K [0x00000000c4c00000, 0x0000000100000000)
  region size 1024K, 21 young (21504K), 3 survivors (3072K)
 Metaspace       used 26999K, capacity 27557K, committed 27776K, reserved 1075200K
  class space    used 2734K, capacity 2935K, committed 2944K, reserved 1048576K
Heap Regions: E=young(eden), S=young(survivor), O=old, HS=humongous(starts), HC=humongous(continues), CS=collection set, F=free, A=archive, TAMS=top-at-mark-start (previous, next)
|   0|0x00000000c4c00000, 0x00000000c4d00000, 0x00000000c4d00000|100%| O|  |TAMS 0x00000000c4d00000, 0x00000000c4c00000| Untracked 
|   1|0x00000000c4d00000, 0x00000000c4e00000, 0x00000000c4e00000|100%| O|  |TAMS 0x00000000c4e00000, 0x00000000c4d00000| Untracked 
|   2|0x00000000c4e00000, 0x00000000c4f00000, 0x00000000c4f00000|100%| O|  |TAMS 0x00000000c4f00000, 0x00000000c4e00000| Untracked 
|   3|0x00000000c4f00000, 0x00000000c5000000, 0x00000000c5000000|100%| O|  |TAMS 0x00000000c5000000, 0x00000000c4f00000| Untracked 
|   4|0x00000000c5000000, 0x00000000c5100000, 0x00000000c5100000|100%| O|  |TAMS 0x00000000c5100000, 0x00000000c5000000| Untracked 
|   5|0x00000000c5100000, 0x00000000c5200000, 0x00000000c5200000|100%| O|  |TAMS 0x00000000c5200000, 0x00000000c5100000| Untracked 
|   6|0x00000000c5200000, 0x00000000c5300000, 0x00000000c5300000|100%| O|  |TAMS 0x00000000c5300000, 0x00000000c5200000| Untracked 
|   7|0x00000000c5300000, 0x00000000c5400000, 0x00000000c5400000|100%| O|  |TAMS 0x00000000c531e200, 0x00000000c5300000| Untracked 
|   8|0x00000000c5400000, 0x00000000c5500000, 0x00000000c5500000|100%| O|  |TAMS 0x00000000c5400000, 0x00000000c5400000| Untracked 
|   9|0x00000000c5500000, 0x00000000c5600000, 0x00000000c5600000|100%| O|  |TAMS 0x00000000c5500000, 0x00000000c5500000| Untracked 
|  10|0x00000000c5600000, 0x00000000c56eba00, 0x00000000c5700000| 92%| O|  |TAMS 0x00000000c5600000, 0x00000000c5600000| Untracked 
|  11|0x00000000c5700000, 0x00000000c5700000, 0x00000000c5800000|  0%| F|  |TAMS 0x00000000c5700000, 0x00000000c5700000| Untracked 
|  12|0x00000000c5800000, 0x00000000c5800000, 0x00000000c5900000|  0%| F|  |TAMS 0x00000000c5800000, 0x00000000c5800000| Untracked 
|  13|0x00000000c5900000, 0x00000000c5900000, 0x00000000c5a00000|  0%| F|  |TAMS 0x00000000c5900000, 0x00000000c5900000| Untracked 
|  14|0x00000000c5a00000, 0x00000000c5a00000, 0x00000000c5b00000|  0%| F|  |TAMS 0x00000000c5a00000, 0x00000000c5a00000| Untracked 
|  15|0x00000000c5b00000, 0x00000000c5b00000, 0x00000000c5c00000|  0%| F|  |TAMS 0x00000000c5b00000, 0x00000000c5b00000| Untracked 
|  16|0x00000000c5c00000, 0x00000000c5c00000, 0x00000000c5d00000|  0%| F|  |TAMS 0x00000000c5c00000, 0x00000000c5c00000| Untracked 
|  17|0x00000000c5d00000, 0x00000000c5d00000, 0x00000000c5e00000|  0%| F|  |TAMS 0x00000000c5d00000, 0x00000000c5d00000| Untracked 
|  18|0x00000000c5e00000, 0x00000000c5e00000, 0x00000000c5f00000|  0%| F|  |TAMS 0x00000000c5e00000, 0x00000000c5e00000| Untracked 
|  19|0x00000000c5f00000, 0x00000000c5f00000, 0x00000000c6000000|  0%| F|  |TAMS 0x00000000c5f00000, 0x00000000c5f00000| Untracked 
|  20|0x00000000c6000000, 0x00000000c6000000, 0x00000000c6100000|  0%| F|  |TAMS 0x00000000c6000000, 0x00000000c6000000| Untracked 
|  21|0x00000000c6100000, 0x00000000c6100000, 0x00000000c6200000|  0%| F|  |TAMS 0x00000000c6100000, 0x00000000c6100000| Untracked 
|  22|0x00000000c6200000, 0x00000000c6200000, 0x00000000c6300000|  0%| F|  |TAMS 0x00000000c6200000, 0x00000000c6200000| Untracked 
|  23|0x00000000c6300000, 0x00000000c6300000, 0x00000000c6400000|  0%| F|  |TAMS 0x00000000c6300000, 0x00000000c6300000| Untracked 
|  24|0x00000000c6400000, 0x00000000c6400000, 0x00000000c6500000|  0%| F|  |TAMS 0x00000000c6400000, 0x00000000c6400000| Untracked 
|  25|0x00000000c6500000, 0x00000000c65ce200, 0x00000000c6600000| 80%| S|CS|TAMS 0x00000000c6500000, 0x00000000c6500000| Complete 
|  26|0x00000000c6600000, 0x00000000c6700000, 0x00000000c6700000|100%| S|CS|TAMS 0x00000000c6600000, 0x00000000c6600000| Complete 
|  27|0x00000000c6700000, 0x00000000c6700000, 0x00000000c6800000|  0%| F|  |TAMS 0x00000000c6700000, 0x00000000c6700000| Untracked 
|  28|0x00000000c6800000, 0x00000000c6800000, 0x00000000c6900000|  0%| F|  |TAMS 0x00000000c6800000, 0x00000000c6800000| Untracked 
|  29|0x00000000c6900000, 0x00000000c6a00000, 0x00000000c6a00000|100%| S|CS|TAMS 0x00000000c6900000, 0x00000000c6900000| Complete 
|  30|0x00000000c6a00000, 0x00000000c6a00000, 0x00000000c6b00000|  0%| F|  |TAMS 0x00000000c6a00000, 0x00000000c6a00000| Untracked 
|  31|0x00000000c6b00000, 0x00000000c6b00000, 0x00000000c6c00000|  0%| F|  |TAMS 0x00000000c6b00000, 0x00000000c6b00000| Untracked 
|  32|0x00000000c6c00000, 0x00000000c6c00000, 0x00000000c6d00000|  0%| F|  |TAMS 0x00000000c6c00000, 0x00000000c6c00000| Untracked 
|  33|0x00000000c6d00000, 0x00000000c6d00000, 0x00000000c6e00000|  0%| F|  |TAMS 0x00000000c6d00000, 0x00000000c6d00000| Untracked 
|  34|0x00000000c6e00000, 0x00000000c6e00000, 0x00000000c6f00000|  0%| F|  |TAMS 0x00000000c6e00000, 0x00000000c6e00000| Untracked 
|  35|0x00000000c6f00000, 0x00000000c6f00000, 0x00000000c7000000|  0%| F|  |TAMS 0x00000000c6f00000, 0x00000000c6f00000| Untracked 
|  36|0x00000000c7000000, 0x00000000c7000000, 0x00000000c7100000|  0%| F|  |TAMS 0x00000000c7000000, 0x00000000c7000000| Untracked 
|  37|0x00000000c7100000, 0x00000000c7100000, 0x00000000c7200000|  0%| F|  |TAMS 0x00000000c7100000, 0x00000000c7100000| Untracked 
|  38|0x00000000c7200000, 0x00000000c7200000, 0x00000000c7300000|  0%| F|  |TAMS 0x00000000c7200000, 0x00000000c7200000| Untracked 
|  39|0x00000000c7300000, 0x00000000c7300000, 0x00000000c7400000|  0%| F|  |TAMS 0x00000000c7300000, 0x00000000c7300000| Untracked 
|  40|0x00000000c7400000, 0x00000000c7400000, 0x00000000c7500000|  0%| F|  |TAMS 0x00000000c7400000, 0x00000000c7400000| Untracked 
|  41|0x00000000c7500000, 0x00000000c7500000, 0x00000000c7600000|  0%| F|  |TAMS 0x00000000c7500000, 0x00000000c7500000| Untracked 
|  42|0x00000000c7600000, 0x00000000c7600000, 0x00000000c7700000|  0%| F|  |TAMS 0x00000000c7600000, 0x00000000c7600000| Untracked 
|  43|0x00000000c7700000, 0x00000000c7700000, 0x00000000c7800000|  0%| F|  |TAMS 0x00000000c7700000, 0x00000000c7700000| Untracked 
|  44|0x00000000c7800000, 0x00000000c7800000, 0x00000000c7900000|  0%| F|  |TAMS 0x00000000c7800000, 0x00000000c7800000| Untracked 
|  45|0x00000000c7900000, 0x00000000c7900000, 0x00000000c7a00000|  0%| F|  |TAMS 0x00000000c7900000, 0x00000000c7900000| Untracked 
|  46|0x00000000c7a00000, 0x00000000c7a00000, 0x00000000c7b00000|  0%| F|  |TAMS 0x00000000c7a00000, 0x00000000c7a00000| Untracked 
|  47|0x00000000c7b00000, 0x00000000c7b00000, 0x00000000c7c00000|  0%| F|  |TAMS 0x00000000c7b00000, 0x00000000c7b00000| Untracked 
|  48|0x00000000c7c00000, 0x00000000c7c00000, 0x00000000c7d00000|  0%| F|  |TAMS 0x00000000c7c00000, 0x00000000c7c00000| Untracked 
|  49|0x00000000c7d00000, 0x00000000c7d00000, 0x00000000c7e00000|  0%| F|  |TAMS 0x00000000c7d00000, 0x00000000c7d00000| Untracked 
|  50|0x00000000c7e00000, 0x00000000c7e00000, 0x00000000c7f00000|  0%| F|  |TAMS 0x00000000c7e00000, 0x00000000c7e00000| Untracked 
|  51|0x00000000c7f00000, 0x00000000c7f00000, 0x00000000c8000000|  0%| F|  |TAMS 0x00000000c7f00000, 0x00000000c7f00000| Untracked 
|  52|0x00000000c8000000, 0x00000000c8000000, 0x00000000c8100000|  0%| F|  |TAMS 0x00000000c8000000, 0x00000000c8000000| Untracked 
|  53|0x00000000c8100000, 0x00000000c8100000, 0x00000000c8200000|  0%| F|  |TAMS 0x00000000c8100000, 0x00000000c8100000| Untracked 
|  54|0x00000000c8200000, 0x00000000c82ae990, 0x00000000c8300000| 68%| E|  |TAMS 0x00000000c8200000, 0x00000000c8200000| Complete 
|  55|0x00000000c8300000, 0x00000000c8400000, 0x00000000c8400000|100%| E|CS|TAMS 0x00000000c8300000, 0x00000000c8300000| Complete 
|  56|0x00000000c8400000, 0x00000000c8500000, 0x00000000c8500000|100%| E|CS|TAMS 0x00000000c8400000, 0x00000000c8400000| Complete 
|  57|0x00000000c8500000, 0x00000000c8600000, 0x00000000c8600000|100%| E|CS|TAMS 0x00000000c8500000, 0x00000000c8500000| Complete 
|  58|0x00000000c8600000, 0x00000000c8700000, 0x00000000c8700000|100%| E|CS|TAMS 0x00000000c8600000, 0x00000000c8600000| Complete 
|  59|0x00000000c8700000, 0x00000000c8800000, 0x00000000c8800000|100%| E|CS|TAMS 0x00000000c8700000, 0x00000000c8700000| Complete 
|  60|0x00000000c8800000, 0x00000000c8900000, 0x00000000c8900000|100%| E|CS|TAMS 0x00000000c8800000, 0x00000000c8800000| Complete 
|  61|0x00000000c8900000, 0x00000000c8a00000, 0x00000000c8a00000|100%| E|CS|TAMS 0x00000000c8900000, 0x00000000c8900000| Complete 
|  62|0x00000000c8a00000, 0x00000000c8b00000, 0x00000000c8b00000|100%| E|CS|TAMS 0x00000000c8a00000, 0x00000000c8a00000| Complete 
|  63|0x00000000c8b00000, 0x00000000c8c00000, 0x00000000c8c00000|100%| E|CS|TAMS 0x00000000c8b00000, 0x00000000c8b00000| Complete 
|  64|0x00000000c8c00000, 0x00000000c8d00000, 0x00000000c8d00000|100%| E|CS|TAMS 0x00000000c8c00000, 0x00000000c8c00000| Complete 
|  65|0x00000000c8d00000, 0x00000000c8e00000, 0x00000000c8e00000|100%| E|CS|TAMS 0x00000000c8d00000, 0x00000000c8d00000| Complete 
|  66|0x00000000c8e00000, 0x00000000c8f00000, 0x00000000c8f00000|100%| E|CS|TAMS 0x00000000c8e00000, 0x00000000c8e00000| Complete 
|  67|0x00000000c8f00000, 0x00000000c9000000, 0x00000000c9000000|100%| E|CS|TAMS 0x00000000c8f00000, 0x00000000c8f00000| Complete 
|  68|0x00000000c9000000, 0x00000000c9100000, 0x00000000c9100000|100%| E|CS|TAMS 0x00000000c9000000, 0x00000000c9000000| Complete 
|  69|0x00000000c9100000, 0x00000000c9200000, 0x00000000c9200000|100%| E|CS|TAMS 0x00000000c9100000, 0x00000000c9100000| Complete 
|  70|0x00000000c9200000, 0x00000000c9300000, 0x00000000c9300000|100%| E|CS|TAMS 0x00000000c9200000, 0x00000000c9200000| Complete 
|  71|0x00000000c9300000, 0x00000000c9400000, 0x00000000c9400000|100%| E|CS|TAMS 0x00000000c9300000, 0x00000000c9300000| Complete 

Card table byte_map: [0x0000016bc1000000,0x0000016bc11e0000] _byte_map_base: 0x0000016bc09da000

Marking Bits (Prev, Next): (CMBitMap*) 0x0000016baa9777a0, (CMBitMap*) 0x0000016baa977768
 Prev Bits: [0x0000016bc2290000, 0x0000016bc3160000)
 Next Bits: [0x0000016bc13c0000, 0x0000016bc2290000)

Polling page: 0x0000016ba8940000

Metaspace:

Usage:
  Non-class:     24.04 MB capacity,    23.70 MB ( 99%) used,   321.54 KB (  1%) free+waste,    34.94 KB ( <1%) overhead. 
      Class:      2.87 MB capacity,     2.67 MB ( 93%) used,   186.45 KB (  6%) free+waste,    14.31 KB ( <1%) overhead. 
       Both:     26.91 MB capacity,    26.37 MB ( 98%) used,   507.99 KB (  2%) free+waste,    49.25 KB ( <1%) overhead. 

Virtual space:
  Non-class space:       26.00 MB reserved,      24.25 MB ( 93%) committed 
      Class space:        1.00 GB reserved,       2.88 MB ( <1%) committed 
             Both:        1.03 GB reserved,      27.13 MB (  3%) committed 

Chunk freelists:
   Non-Class:  2.25 KB
       Class:  1.13 KB
        Both:  3.38 KB

CodeHeap 'non-profiled nmethods': size=120064Kb used=2130Kb max_used=2130Kb free=117933Kb
 bounds [0x0000016bb9ac0000, 0x0000016bb9d30000, 0x0000016bc1000000]
CodeHeap 'profiled nmethods': size=120000Kb used=10179Kb max_used=10179Kb free=109820Kb
 bounds [0x0000016bb2590000, 0x0000016bb2f90000, 0x0000016bb9ac0000]
CodeHeap 'non-nmethods': size=5696Kb used=1156Kb max_used=1174Kb free=4539Kb
 bounds [0x0000016bb2000000, 0x0000016bb2270000, 0x0000016bb2590000]
 total_blobs=4959 nmethods=4476 adapters=394
 compilation: enabled
              stopped_count=0, restarted_count=0
 full_count=0

Compilation events (10 events):
Event: 21.533 Thread 0x0000016bc5f94000 nmethod 4494 0x0000016bb9cd1190 code [0x0000016bb9cd1320, 0x0000016bb9cd15f8]
Event: 21.533 Thread 0x0000016bc5f94000 4495   !   4       org.apache.maven.surefire.api.stream.AbstractStreamDecoder::checkHeader (123 bytes)
Event: 21.543 Thread 0x0000016bc5f94000 nmethod 4495 0x0000016bb9cd1790 code [0x0000016bb9cd1920, 0x0000016bb9cd1d98]
Event: 21.543 Thread 0x0000016bc5f94000 4496       4       org.apache.maven.surefire.api.stream.AbstractStreamDecoder$Segment::<init> (99 bytes)
Event: 21.553 Thread 0x0000016bc5f94000 nmethod 4496 0x0000016bb9cd2290 code [0x0000016bb9cd2420, 0x0000016bb9cd2898]
Event: 21.659 Thread 0x0000016bc5f94000 4497       4       org.apache.maven.surefire.api.stream.AbstractStreamDecoder::readSegment (66 bytes)
Event: 21.676 Thread 0x0000016bc5f94000 nmethod 4497 0x0000016bb9cd2990 code [0x0000016bb9cd2b60, 0x0000016bb9cd33b8]
Event: 21.676 Thread 0x0000016bc5f94000 4498   !   4       org.apache.maven.surefire.api.stream.AbstractStreamDecoder::readCharset (168 bytes)
Event: 21.684 Thread 0x0000016bc5f94000 nmethod 4498 0x0000016bb9cd3a90 code [0x0000016bb9cd3c60, 0x0000016bb9cd4238]
Event: 21.685 Thread 0x0000016bc5f94000 4499   !   4       org.apache.maven.surefire.stream.EventDecoder::decode (399 bytes)

GC Heap History (10 events):
Event: 5.439 GC heap before
{Heap before GC invocations=4 (full 0):
 garbage-first heap   total 61440K, used 38082K [0x00000000c4c00000, 0x0000000100000000)
  region size 1024K, 34 young (34816K), 4 survivors (4096K)
 Metaspace       used 20543K, capacity 20870K, committed 20992K, reserved 1069056K
  class space    used 2162K, capacity 2256K, committed 2304K, reserved 1048576K
}
Event: 5.447 GC heap after
{Heap after GC invocations=5 (full 0):
 garbage-first heap   total 61440K, used 9286K [0x00000000c4c00000, 0x0000000100000000)
  region size 1024K, 5 young (5120K), 5 survivors (5120K)
 Metaspace       used 20543K, capacity 20870K, committed 20992K, reserved 1069056K
  class space    used 2162K, capacity 2256K, committed 2304K, reserved 1048576K
}
Event: 5.662 GC heap before
{Heap before GC invocations=5 (full 0):
 garbage-first heap   total 61440K, used 24646K [0x00000000c4c00000, 0x0000000100000000)
  region size 1024K, 21 young (21504K), 5 survivors (5120K)
 Metaspace       used 20729K, capacity 21034K, committed 21248K, reserved 1069056K
  class space    used 2168K, capacity 2289K, committed 2304K, reserved 1048576K
}
Event: 5.671 GC heap after
{Heap after GC invocations=6 (full 0):
 garbage-first heap   total 61440K, used 10086K [0x00000000c4c00000, 0x0000000100000000)
  region size 1024K, 3 young (3072K), 3 survivors (3072K)
 Metaspace       used 20729K, capacity 21034K, committed 21248K, reserved 1069056K
  class space    used 2168K, capacity 2289K, committed 2304K, reserved 1048576K
}
Event: 6.770 GC heap before
{Heap before GC invocations=7 (full 0):
 garbage-first heap   total 61440K, used 40806K [0x00000000c4c00000, 0x0000000100000000)
  region size 1024K, 33 young (33792K), 3 survivors (3072K)
 Metaspace       used 22551K, capacity 22913K, committed 23040K, reserved 1069056K
  class space    used 2331K, capacity 2471K, committed 2560K, reserved 1048576K
}
Event: 6.779 GC heap after
{Heap after GC invocations=8 (full 0):
 garbage-first heap   total 61440K, used 11384K [0x00000000c4c00000, 0x0000000100000000)
  region size 1024K, 4 young (4096K), 4 survivors (4096K)
 Metaspace       used 22551K, capacity 22913K, committed 23040K, reserved 1069056K
  class space    used 2331K, capacity 2471K, committed 2560K, reserved 1048576K
}
Event: 8.587 GC heap before
{Heap before GC invocations=8 (full 0):
 garbage-first heap   total 61440K, used 43128K [0x00000000c4c00000, 0x0000000100000000)
  region size 1024K, 35 young (35840K), 4 survivors (4096K)
 Metaspace       used 24202K, capacity 24660K, committed 24960K, reserved 1071104K
  class space    used 2473K, capacity 2627K, committed 2688K, reserved 1048576K
}
Event: 8.598 GC heap after
{Heap after GC invocations=9 (full 0):
 garbage-first heap   total 61440K, used 13521K [0x00000000c4c00000, 0x0000000100000000)
  region size 1024K, 5 young (5120K), 5 survivors (5120K)
 Metaspace       used 24202K, capacity 24660K, committed 24960K, reserved 1071104K
  class space    used 2473K, capacity 2627K, committed 2688K, reserved 1048576K
}
Event: 8.833 GC heap before
{Heap before GC invocations=9 (full 0):
 garbage-first heap   total 61440K, used 44241K [0x00000000c4c00000, 0x0000000100000000)
  region size 1024K, 35 young (35840K), 5 survivors (5120K)
 Metaspace       used 24449K, capacity 24916K, committed 25088K, reserved 1071104K
  class space    used 2488K, capacity 2691K, committed 2816K, reserved 1048576K
}
Event: 8.841 GC heap after
{Heap after GC invocations=10 (full 0):
 garbage-first heap   total 73728K, used 14055K [0x00000000c4c00000, 0x0000000100000000)
  region size 1024K, 3 young (3072K), 3 survivors (3072K)
 Metaspace       used 24449K, capacity 24916K, committed 25088K, reserved 1071104K
  class space    used 2488K, capacity 2691K, committed 2816K, reserved 1048576K
}

Deoptimization events (10 events):
Event: 9.115 Thread 0x0000016baa94c800 Uncommon trap: reason=class_check action=maybe_recompile pc=0x0000016bb9bdcb08 method=java.util.Collections$UnmodifiableMap$UnmodifiableEntrySet$1.next()Ljava/util/Map$Entry; @ 8 c2
Event: 9.115 Thread 0x0000016baa94c800 Uncommon trap: reason=class_check action=maybe_recompile pc=0x0000016bb9bc5504 method=java.util.Collections$UnmodifiableMap$UnmodifiableEntrySet$UnmodifiableEntry.getKey()Ljava/lang/Object; @ 4 c2
Event: 9.115 Thread 0x0000016baa94c800 Uncommon trap: reason=class_check action=maybe_recompile pc=0x0000016bb9bdd104 method=java.util.Collections$UnmodifiableMap$UnmodifiableEntrySet$UnmodifiableEntry.getValue()Ljava/lang/Object; @ 4 c2
Event: 9.290 Thread 0x0000016bc77c0800 Uncommon trap: reason=bimorphic_or_optimized_type_check action=maybe_recompile pc=0x0000016bb9c26388 method=java.util.regex.Matcher.getTextLength()I @ 4 c2
Event: 9.293 Thread 0x0000016bc77c0800 Uncommon trap: reason=unstable_if action=reinterpret pc=0x0000016bb9af02bc method=java.lang.AbstractStringBuilder.putStringAt(ILjava/lang/String;)V @ 8 c2
Event: 9.293 Thread 0x0000016bc77c0800 Uncommon trap: reason=unstable_if action=reinterpret pc=0x0000016bb9ae87a8 method=java.lang.AbstractStringBuilder.putStringAt(ILjava/lang/String;)V @ 8 c2
Event: 9.293 Thread 0x0000016bc77c0800 Uncommon trap: reason=unstable_if action=reinterpret pc=0x0000016bb9ae8e6c method=java.lang.String.getBytes([BIB)V @ 5 c2
Event: 9.293 Thread 0x0000016bc77c0800 Uncommon trap: reason=unstable_if action=reinterpret pc=0x0000016bb9b878a8 method=java.lang.StringBuilder.toString()Ljava/lang/String; @ 4 c2
Event: 9.293 Thread 0x0000016bc77c0800 Uncommon trap: reason=unstable_if action=reinterpret pc=0x0000016bb9cbd57c method=java.lang.String.codePointAt(I)I @ 4 c2
Event: 9.294 Thread 0x0000016bc77c0800 Uncommon trap: reason=bimorphic_or_optimized_type_check action=maybe_recompile pc=0x0000016bb9c26388 method=java.util.regex.Matcher.getTextLength()I @ 4 c2

Classes redefined (0 events):
No events

Internal exceptions (10 events):
Event: 6.304 Thread 0x0000016baa94c800 Implicit null exception at 0x0000016bb9c2cb18 to 0x0000016bb9c2d460
Event: 7.335 Thread 0x0000016baa94c800 Exception <a 'java/lang/NoSuchMethodError'{0x00000000c6cbca70}: java.lang.invoke.DirectMethodHandle$Holder.invokeSpecial(Ljava/lang/Object;Ljava/lang/Object;)V> (0x00000000c6cbca70) thrown at [./open/src/hotspot/share/interpreter/linkResolver.cpp, line 77
Event: 7.352 Thread 0x0000016bc77e6800 Exception <a 'java/lang/NoSuchMethodError'{0x00000000c6da01d0}: java.lang.invoke.DirectMethodHandle$Holder.invokeStaticInit(Ljava/lang/Object;Ljava/lang/Object;JLjava/lang/Object;)Ljava/lang/Object;> (0x00000000c6da01d0) thrown at [./open/src/hotspot/shar
Event: 7.353 Thread 0x0000016bc77e6800 Exception <a 'java/lang/NoSuchMethodError'{0x00000000c6dac2f0}: java.lang.invoke.Invokers$Holder.linkToTargetMethod(Ljava/lang/Object;JLjava/lang/Object;)Ljava/lang/Object;> (0x00000000c6dac2f0) thrown at [./open/src/hotspot/share/interpreter/linkResolver
Event: 7.385 Thread 0x0000016baa94c800 Exception <a 'java/lang/NoSuchMethodError'{0x00000000c6bb37d8}: java.lang.invoke.DirectMethodHandle$Holder.invokeInterface(Ljava/lang/Object;Ljava/lang/Object;)I> (0x00000000c6bb37d8) thrown at [./open/src/hotspot/share/interpreter/linkResolver.cpp, line 
Event: 8.545 Thread 0x0000016baa94c800 Exception <a 'java/lang/NoSuchMethodError'{0x00000000c6a93330}: java.lang.invoke.DirectMethodHandle$Holder.invokeStaticInit(Ljava/lang/Object;Ljava/lang/Object;IIII)Ljava/lang/Object;> (0x00000000c6a93330) thrown at [./open/src/hotspot/share/interpreter/l
Event: 8.981 Thread 0x0000016baa94c800 Implicit null exception at 0x0000016bb9b7139b to 0x0000016bb9b71a52
Event: 9.226 Thread 0x0000016baa94c800 Exception <a 'java/lang/NoSuchMethodError'{0x00000000c87da538}: java.lang.invoke.DirectMethodHandle$Holder.invokeStatic(Ljava/lang/Object;J)V> (0x00000000c87da538) thrown at [./open/src/hotspot/share/interpreter/linkResolver.cpp, line 772]
Event: 9.226 Thread 0x0000016baa94c800 Exception <a 'java/lang/NoSuchMethodError'{0x00000000c87df740}: java.lang.invoke.DirectMethodHandle$Holder.invokeStatic(Ljava/lang/Object;J)Ljava/lang/Object;> (0x00000000c87df740) thrown at [./open/src/hotspot/share/interpreter/linkResolver.cpp, line 772
Event: 9.227 Thread 0x0000016baa94c800 Exception <a 'java/lang/NoSuchMethodError'{0x00000000c87e2a68}: java.lang.invoke.DirectMethodHandle$Holder.invokeSpecial(Ljava/lang/Object;Ljava/lang/Object;J)Ljava/lang/Object;> (0x00000000c87e2a68) thrown at [./open/src/hotspot/share/interpreter/linkRes

Events (10 events):
Event: 10.760 Executing VM operation: RevokeBias
Event: 10.760 Executing VM operation: RevokeBias done
Event: 11.886 loading class org/apache/maven/surefire/api/report/TestOutputReportEntry
Event: 11.886 loading class org/apache/maven/surefire/api/report/TestOutputReportEntry done
Event: 11.886 loading class org/apache/maven/surefire/api/report/TestOutputReportEntry
Event: 11.886 loading class org/apache/maven/surefire/api/report/TestOutputReportEntry done
Event: 11.886 loading class org/apache/maven/surefire/api/util/SureFireFileManager
Event: 11.886 loading class org/apache/maven/surefire/api/util/SureFireFileManager done
Event: 11.886 loading class org/apache/maven/surefire/api/util/SureFireFileManager
Event: 11.886 loading class org/apache/maven/surefire/api/util/SureFireFileManager done


Dynamic libraries:
0x00007ff6cd880000 - 0x00007ff6cd88f000 	C:\Program Files\Java\jdk-11.0.16.1\bin\java.exe
0x00007ffcdf880000 - 0x00007ffcdfa89000 	C:\WINDOWS\SYSTEM32\ntdll.dll
0x00007ffcb22a0000 - 0x00007ffcb22b7000 	C:\Program Files\Avast Software\Avast\aswhook.dll
0x00007ffcdf770000 - 0x00007ffcdf82d000 	C:\WINDOWS\System32\KERNEL32.DLL
0x00007ffcdd230000 - 0x00007ffcdd5ab000 	C:\WINDOWS\System32\KERNELBASE.dll
0x00007ffcdd110000 - 0x00007ffcdd221000 	C:\WINDOWS\System32\ucrtbase.dll
0x00007ffcc52a0000 - 0x00007ffcc52b8000 	C:\Program Files\Java\jdk-11.0.16.1\bin\jli.dll
0x00007ffcdf050000 - 0x00007ffcdf0fe000 	C:\WINDOWS\System32\ADVAPI32.dll
0x00007ffcde770000 - 0x00007ffcde813000 	C:\WINDOWS\System32\msvcrt.dll
0x00007ffcddf20000 - 0x00007ffcddfbe000 	C:\WINDOWS\System32\sechost.dll
0x00007ffcdf100000 - 0x00007ffcdf220000 	C:\WINDOWS\System32\RPCRT4.dll
0x00007ffcdece0000 - 0x00007ffcdee8d000 	C:\WINDOWS\System32\USER32.dll
0x00007ffcdd6d0000 - 0x00007ffcdd6f6000 	C:\WINDOWS\System32\win32u.dll
0x00007ffcde090000 - 0x00007ffcde0b9000 	C:\WINDOWS\System32\GDI32.dll
0x00007ffcdd5b0000 - 0x00007ffcdd6c8000 	C:\WINDOWS\System32\gdi32full.dll
0x00007ffcdcd50000 - 0x00007ffcdcded000 	C:\WINDOWS\System32\msvcp_win.dll
0x00007ffcc5280000 - 0x00007ffcc5295000 	C:\Program Files\Java\jdk-11.0.16.1\bin\VCRUNTIME140.dll
0x00007ffcc1440000 - 0x00007ffcc16e5000 	C:\WINDOWS\WinSxS\amd64_microsoft.windows.common-controls_6595b64144ccf1df_6.0.22000.120_none_9d947278b86cc467\COMCTL32.dll
0x00007ffcd6300000 - 0x00007ffcd630a000 	C:\WINDOWS\SYSTEM32\VERSION.dll
0x00007ffcdeca0000 - 0x00007ffcdecd1000 	C:\WINDOWS\System32\IMM32.DLL
0x00007ffc52900000 - 0x00007ffc5299b000 	C:\Program Files\Java\jdk-11.0.16.1\bin\msvcp140.dll
0x00007ffc0f760000 - 0x00007ffc10278000 	C:\Program Files\Java\jdk-11.0.16.1\bin\server\jvm.dll
0x00007ffcdf390000 - 0x00007ffcdf398000 	C:\WINDOWS\System32\PSAPI.DLL
0x00007ffcbe4f0000 - 0x00007ffcbe4f9000 	C:\WINDOWS\SYSTEM32\WSOCK32.dll
0x00007ffcdf290000 - 0x00007ffcdf2ff000 	C:\WINDOWS\System32\WS2_32.dll
0x00007ffcd63f0000 - 0x00007ffcd6423000 	C:\WINDOWS\SYSTEM32\WINMM.dll
0x00007ffcdbdd0000 - 0x00007ffcdbde8000 	C:\WINDOWS\SYSTEM32\kernel.appcore.dll
0x00007ffcc11b0000 - 0x00007ffcc11c0000 	C:\Program Files\Java\jdk-11.0.16.1\bin\verify.dll
0x00007ffcda760000 - 0x00007ffcda981000 	C:\WINDOWS\SYSTEM32\DBGHELP.DLL
0x00007ffcc2d60000 - 0x00007ffcc2d91000 	C:\WINDOWS\SYSTEM32\dbgcore.DLL
0x00007ffcdd090000 - 0x00007ffcdd10f000 	C:\WINDOWS\System32\bcryptPrimitives.dll
0x00007ffcb7ec0000 - 0x00007ffcb7ee8000 	C:\Program Files\Java\jdk-11.0.16.1\bin\java.dll
0x00007ffcc0fb0000 - 0x00007ffcc0fba000 	C:\Program Files\Java\jdk-11.0.16.1\bin\jimage.dll
0x00007ffcb80f0000 - 0x00007ffcb8106000 	C:\Program Files\Java\jdk-11.0.16.1\bin\zip.dll
0x00007ffcdd760000 - 0x00007ffcddf18000 	C:\WINDOWS\System32\SHELL32.dll
0x00007ffcdae40000 - 0x00007ffcdb6a5000 	C:\WINDOWS\SYSTEM32\windows.storage.dll
0x00007ffcde920000 - 0x00007ffcdec97000 	C:\WINDOWS\System32\combase.dll
0x00007ffcdacd0000 - 0x00007ffcdae36000 	C:\WINDOWS\SYSTEM32\wintypes.dll
0x00007ffcdf660000 - 0x00007ffcdf74a000 	C:\WINDOWS\System32\SHCORE.dll
0x00007ffcddfc0000 - 0x00007ffcde01d000 	C:\WINDOWS\System32\shlwapi.dll
0x00007ffcdcc80000 - 0x00007ffcdcca1000 	C:\WINDOWS\SYSTEM32\profapi.dll
0x00007ffcb0730000 - 0x00007ffcb0749000 	C:\Program Files\Java\jdk-11.0.16.1\bin\net.dll
0x00007ffcd4880000 - 0x00007ffcd498c000 	C:\WINDOWS\SYSTEM32\WINHTTP.dll
0x00007ffcdc270000 - 0x00007ffcdc2d7000 	C:\WINDOWS\system32\mswsock.dll
0x00007ffcb0710000 - 0x00007ffcb0722000 	C:\Program Files\Java\jdk-11.0.16.1\bin\nio.dll
0x0000000069ac0000 - 0x0000000069ae4000 	D:\apache-maven-3.8.6-bin\apache-maven-3.8.6\lib\jansi-native\Windows\x86_64\jansi.dll
0x00007ffcdc4b0000 - 0x00007ffcdc4c8000 	C:\WINDOWS\SYSTEM32\CRYPTSP.dll
0x00007ffcdbd30000 - 0x00007ffcdbd65000 	C:\WINDOWS\system32\rsaenh.dll
0x00007ffcdc360000 - 0x00007ffcdc389000 	C:\WINDOWS\SYSTEM32\USERENV.dll
0x00007ffcdc640000 - 0x00007ffcdc667000 	C:\WINDOWS\SYSTEM32\bcrypt.dll
0x00007ffcdc4d0000 - 0x00007ffcdc4dc000 	C:\WINDOWS\SYSTEM32\CRYPTBASE.dll
0x00007ffcdb900000 - 0x00007ffcdb92d000 	C:\WINDOWS\SYSTEM32\IPHLPAPI.DLL
0x00007ffcdef50000 - 0x00007ffcdef59000 	C:\WINDOWS\System32\NSI.dll
0x00007ffcd4570000 - 0x00007ffcd4589000 	C:\WINDOWS\SYSTEM32\dhcpcsvc6.DLL
0x00007ffcd4e90000 - 0x00007ffcd4eae000 	C:\WINDOWS\SYSTEM32\dhcpcsvc.DLL
0x00007ffcdb970000 - 0x00007ffcdba58000 	C:\WINDOWS\SYSTEM32\DNSAPI.dll

dbghelp: loaded successfully - version: 4.0.5 - missing functions: none
symbol engine: initialized successfully - sym options: 0x614 - pdb path: .;C:\Program Files\Java\jdk-11.0.16.1\bin;C:\WINDOWS\SYSTEM32;C:\Program Files\Avast Software\Avast;C:\WINDOWS\WinSxS\amd64_microsoft.windows.common-controls_6595b64144ccf1df_6.0.22000.120_none_9d947278b86cc467;C:\Program Files\Java\jdk-11.0.16.1\bin\server;D:\apache-maven-3.8.6-bin\apache-maven-3.8.6\lib\jansi-native\Windows\x86_64

VM Arguments:
jvm_args: -Dclassworlds.conf=D:\apache-maven-3.8.6-bin\apache-maven-3.8.6\bin\m2.conf -Dmaven.home=D:\apache-maven-3.8.6-bin\apache-maven-3.8.6 -Dlibrary.jansi.path=D:\apache-maven-3.8.6-bin\apache-maven-3.8.6\lib\jansi-native -Dmaven.multiModuleProjectDirectory=C:\Users\Aloke\Documents\workspace-spring-tool-suite-4-4.16.1.RELEASE\casestudyseleniumframework 
java_command: org.codehaus.plexus.classworlds.launcher.Launcher test
java_class_path (initial): D:\apache-maven-3.8.6-bin\apache-maven-3.8.6\boot\plexus-classworlds-2.6.0.jar
Launcher Type: SUN_STANDARD

[Global flags]
     intx CICompilerCount                          = 3                                         {product} {ergonomic}
     uint ConcGCThreads                            = 1                                         {product} {ergonomic}
     uint G1ConcRefinementThreads                  = 4                                         {product} {ergonomic}
   size_t G1HeapRegionSize                         = 1048576                                   {product} {ergonomic}
    uintx GCDrainStackTargetSize                   = 64                                        {product} {ergonomic}
   size_t InitialHeapSize                          = 62914560                                  {product} {ergonomic}
   size_t MarkStackSize                            = 4194304                                   {product} {ergonomic}
   size_t MaxHeapSize                              = 994050048                                 {product} {ergonomic}
   size_t MaxNewSize                               = 595591168                                 {product} {ergonomic}
   size_t MinHeapDeltaBytes                        = 1048576                                   {product} {ergonomic}
    uintx NonNMethodCodeHeapSize                   = 5830732                                {pd product} {ergonomic}
    uintx NonProfiledCodeHeapSize                  = 122913754                              {pd product} {ergonomic}
    uintx ProfiledCodeHeapSize                     = 122913754                              {pd product} {ergonomic}
    uintx ReservedCodeCacheSize                    = 251658240                              {pd product} {ergonomic}
     bool SegmentedCodeCache                       = true                                      {product} {ergonomic}
     bool UseCompressedClassPointers               = true                                 {lp64_product} {ergonomic}
     bool UseCompressedOops                        = true                                 {lp64_product} {ergonomic}
     bool UseG1GC                                  = true                                      {product} {ergonomic}
     bool UseLargePagesIndividualAllocation        = false                                  {pd product} {ergonomic}

Logging:
Log output configuration:
 #0: stdout all=warning uptime,level,tags
 #1: stderr all=off uptime,level,tags

Environment Variables:
PATH=C:\Program Files\Common Files\Oracle\Java\javapath;C:\Program Files (x86)\VMware\VMware Player\bin\;C:\WINDOWS\system32;C:\WINDOWS;C:\WINDOWS\System32\Wbem;C:\WINDOWS\System32\WindowsPowerShell\v1.0\;C:\WINDOWS\System32\OpenSSH\;C:\Program Files\Git\cmd;D:\apache-maven-3.8.6-bin\apache-maven-3.8.6\bin;C:\Program Files\Java\jdk-11.0.16.1\bin;C:\Users\Aloke\AppData\Local\Microsoft\WindowsApps;C:\Program Files\JetBrains\IntelliJ IDEA Community Edition 2022.2.2\bin;
USERNAME=Aloke
OS=Windows_NT
PROCESSOR_IDENTIFIER=Intel64 Family 6 Model 126 Stepping 5, GenuineIntel



---------------  S Y S T E M  ---------------

OS: Windows 11 , 64 bit Build 22000 (10.0.22000.708)

CPU:total 4 (initial active 4) (2 cores per cpu, 2 threads per core) family 6 model 126 stepping 5 microcode 0xa0, cmov, cx8, fxsr, mmx, sse, sse2, sse3, ssse3, sse4.1, sse4.2, popcnt, avx, avx2, aes, clmul, erms, 3dnowpref, lzcnt, ht, tsc, tscinvbit, bmi1, bmi2, adx, evex, sha, fma

Memory: 4k page, system-wide physical 3784M (45M free)
TotalPageFile size 15560M (AvailPageFile size 0M)
current process WorkingSet (physical memory assigned to process): 24M, peak: 147M
current process commit charge ("private bytes"): 186M, peak: 203M

vm_info: Java HotSpot(TM) 64-Bit Server VM (11.0.16.1+1-LTS-1) for windows-amd64 JRE (11.0.16.1+1-LTS-1), built on Aug 16 2022 01:46:01 by "mach5one" with MS VC++ 15.9 (VS2017)

END.
